Command: /usr/bin/mysqldump -u 'budbserver' -p'nudbserver2024' 'budbserver' > 'backups/sofomanforever_gmail_com/budbserver_full_backup_2024-11-15_10-54-08.sql'
Output: 
Return Value: 2
Command: /usr/bin/mysqldump -u 'budbserver' -p'nudbserver2024' 'budbserver' > 'backups/sofomanforever_gmail_com/budbserver_full_backup_2024-11-15_10-56-47.sql'
Output: 
Return Value: 7
Command: mysqlbinlog --start-position='1234' --result-file='backups/sofomanforever_gmail_com/budbserver_incremental_backup_2024-11-15_10-56-49.sql' /path/to/mysql-bin.000001
Output: mysqlbinlog: unknown variable 'log_bin=/var/log/mysql/mysql-bin.log'
Return Value: 7
Command: /usr/bin/mysqldump -u 'budbserver' -p'nudbserver2024' --where='updated_at > "2024-11-08 23:27:06"' 'budbserver' > 'backups/sofomanforever_gmail_com/budbserver_differential_backup_2024-11-15_10-56-53.sql'
Output: 
Return Value: 7
Command: /usr/bin/mysqldump -u 'budbserver' -p'nudbserver2024' --single-transaction --lock-tables=false 'budbserver' > 'backups/sofomanforever_gmail_com/budbserver_snapshot_backup_2024-11-15_10-56-56.sql'
Output: 
Return Value: 7
Command: /usr/bin/mysqldump -u 'budbserver' -p'budbserver2024' 'budbserver' > 'backups/sofomanforever_gmail_com/budbserver_full_backup_2024-11-15_10-58-05.sql'
Output: 
Return Value: 7
Command: sshpass -p ''IT732434.a'' ssh -p 0 'it164659'@'users.iee.ihu.gr' 'mysqldump --no-tablespaces -u 'it164659' -p'budbserver2024' -h 'dblabs' 'it164659'' > 'backups/sofomanforever_gmail_com/DIPAE_SSH_DATABASE/it164659_full_backup_2025-01-15_22-25-24.sql'
Output: 
Return Code: 255
Command: sshpass -p ''IT732434.a'' ssh -p 0 'it164659'@'users.iee.ihu.gr' 'mysqldump --no-tablespaces -u 'it164659' -p'budbserver2024' -h 'dblabs' 'it164659'' > 'backups/sofomanforever_gmail_com/DIPAE_SSH_DATABASE/it164659_full_backup_2025-01-15_22-28-02.sql'
Output: 
Return Code: 255
Command: sshpass -p ''IT732434.a'' ssh -p 0 'it164659'@'users.iee.ihu.gr' 'mysqldump --no-tablespaces -u 'it164659' -p'budbserver2024' -h 'dblabs' 'it164659'' > 'backups/sofomanforever_gmail_com/DIPAE_SSH_DATABASE/it164659_full_backup_2025-01-15_22-30-15.sql'
Output: 
Return Code: 255
Command: sshpass -p ''IT732434.a'' ssh -p 0 'it164659'@'users.iee.ihu.gr' 'mysqldump --no-tablespaces -u 'it164659' -p'budbserver2024' -h 'dblabs' 'it164659'' > 'backups/sofomanforever_gmail_com/DIPAE_SSH_DATABASE/it164659_full_backup_2025-01-15_22-31-57.sql'
Output: 
Return Code: 255
SSH Port: 22
Command: sshpass -p ''IT732434.a'' ssh -p 0 'it164659'@'users.iee.ihu.gr' 'mysqldump --no-tablespaces -u 'it164659' -p'budbserver2024' -h 'dblabs' 'it164659'' > 'backups/sofomanforever_gmail_com/DIPAE_SSH_DATABASE/it164659_full_backup_2025-01-15_22-34-01.sql'
Output: 
Return Code: 255
SSH Port: 22
Command: sshpass -p ''IT732434.a'' ssh -p 0 'it164659'@'users.iee.ihu.gr' 'mysqldump --no-tablespaces -u 'it164659' -p'budbserver2024' -h 'dblabs' 'it164659'' > 'backups/sofomanforever_gmail_com/DIPAE_SSH_DATABASE/it164659_full_backup_2025-01-15_22-36-46.sql'
Output: 
Return Code: 255
SSH Port: 22
Command: sshpass -p ''IT732434.a'' ssh -p 0 'it164659'@'users.iee.ihu.gr' 'mysqldump --no-tablespaces -u 'budbserver' -p'budbserver2024' -h 'dblabs' 'budbserver'' > 'backups/sofomanforever_gmail_com/DIPAE_SSH_DATABASE/budbserver_full_backup_2025-01-15_22-49-09.sql'
Output: 
Return Code: 255
SSH Port: 22
Command: sshpass -p ''IT732434.a'' ssh -p 0 'it164659'@'users.iee.ihu.gr' 'mysqldump --no-tablespaces -u 'budbserver' -p'budbserver2024' -h 'localhost' 'budbserver'' > 'backups/sofomanforever_gmail_com/DIPAE_SSH_DATABASE/budbserver_full_backup_2025-01-15_22-50-05.sql'
Output: 
Return Code: 255
SSH Port: 22
Command: sshpass -p ''IT732434.a'' ssh -p 0 'it164659'@'users.iee.ihu.gr' 'mysqldump --no-tablespaces -u 'budbserver' -p'budbserver2024' -h 'localhost' 'budbserver'' > 'backups/sofomanforever_gmail_com/DIPAE_SSH_DATABASE/budbserver_full_backup_2025-01-15_22-55-01.sql'
Output: 
Return Code: 255
SSH Port: 22
Command: sshpass -p ''IT732434.a'' ssh -p 0 'it164659'@'users.iee.ihu.gr' 'mysqldump --no-tablespaces -u 'budbserver' -p'budbserver2024' -h 'localhost' 'budbserver'' > 'backups/sofomanforever_gmail_com/DIPAE_SSH_DATABASE/budbserver_full_backup_2025-01-15_22-57-06.sql'
Output: 
Return Code: 255
SSH Port: 22
Command: sshpass -p ''IT732434.a'' ssh -p 0 'it164659'@'users.iee.ihu.gr' 'mysqldump --no-tablespaces -u 'budbserver' -p'budbserver2024' -h 'localhost' 'budbserver'' > 'backups/sofomanforever_gmail_com/DIPAE_SSH_DATABASE/budbserver_full_backup_2025-01-15_23-03-14.sql'
Output: 
Return Code: 255
SSH Port: 22
Command: ssh 'it164659'@'users.iee.ihu.gr' -p 0 'mysqldump --no-tablespaces -u 'budbserver' -p'budbserver2024' -h 'localhost' 'budbserver'' > 'backups/sofomanforever_gmail_com/DIPAE_SSH_DATABASE/budbserver_full_backup_2025-01-15_23-07-19.sql'
Output: 
Return Code: 255
SSH Port: 22
Command: (ssh 'it164659'@'users.iee.ihu.gr' -p 0 'mysqldump --no-tablespaces -u 'budbserver' -p'budbserver2024' -h 'localhost' 'budbserver'') > 'backups/sofomanforever_gmail_com/DIPAE_SSH_DATABASE/budbserver_full_backup_2025-01-15_23-08-31.sql'
Output: 
Return Code: 255
SSH Port: 22
Command: (ssh 'it164659'@'users.iee.ihu.gr' 'mysqldump --no-tablespaces -u 'budbserver' -p'budbserver2024' -h 'localhost' 'budbserver'') > 'backups/sofomanforever_gmail_com/DIPAE_SSH_DATABASE/budbserver_full_backup_2025-01-15_23-11-56.sql'
Output: 
Return Code: 255
SSH Port: 22
Command: (ssh 'it164659'@'users.iee.ihu.gr' -p 22 'mysqldump --no-tablespaces -u 'budbserver' -p'budbserver2024' -h 'localhost' 'budbserver'') > 'backups/sofomanforever_gmail_com/DIPAE_SSH_DATABASE/budbserver_full_backup_2025-01-15_23-13-21.sql'
Output: 
Return Code: 255
SSH Port: 22
Command: sshpass -p ''IT732434.a'' ssh -o StrictHostKeyChecking=no -p 22 'it164659'@'users.iee.ihu.gr' 'mysqldump --no-tablespaces -u '22' -p'budbserver' -h 'budbserver2024' 'localhost'' > 'budbserver'
Output: 
Return Code: 2
